nohup: ignoring input
./safe_install.sh: 1: i#!/bin/bash: not found
./safe_install.sh: 5: [[: not found
./safe_install.sh: 5: -z: not found
installing: batinfo==0.4.2
Looking in indexes: https://pypi.org/simple, https://www.piwheels.org/simple
Collecting batinfo==0.4.2
  Using cached https://www.piwheels.org/simple/batinfo/batinfo-0.4.2-py3-none-any.whl (9.2 kB)
Installing collected packages: batinfo
Successfully installed batinfo-0.4.2
./safe_install.sh: 5: [[: not found
./safe_install.sh: 5: -z: not found
installing: bernhard==0.2.6
Looking in indexes: https://pypi.org/simple, https://www.piwheels.org/simple
Collecting bernhard==0.2.6
  Using cached https://www.piwheels.org/simple/bernhard/bernhard-0.2.6-py3-none-any.whl (9.4 kB)
Collecting protobuf>=2.4
  Downloading https://www.piwheels.org/simple/protobuf/protobuf-6.30.2-cp311-cp311-linux_armv6l.whl (1.0 MB)
     ━━━━━━━━━━━━━━━━━━━━━━━━━━━━━━━━━━━━━━━━ 1.0/1.0 MB 898.1 kB/s eta 0:00:00
Installing collected packages: protobuf, bernhard
Successfully installed bernhard-0.2.6 protobuf-6.30.2
./safe_install.sh: 5: [[: not found
./safe_install.sh: 5: -z: not found
installing: cassandra-driver==3.29.2
Looking in indexes: https://pypi.org/simple, https://www.piwheels.org/simple
Collecting cassandra-driver==3.29.2
  Using cached https://www.piwheels.org/simple/cassandra-driver/cassandra_driver-3.29.2-cp311-cp311-linux_armv6l.whl (16.8 MB)
Collecting geomet<0.3,>=0.1
  Downloading https://www.piwheels.org/simple/geomet/geomet-0.2.1.post1-py3-none-any.whl (18 kB)
Collecting click
  Downloading https://www.piwheels.org/simple/click/click-8.1.8-py3-none-any.whl (98 kB)
     ━━━━━━━━━━━━━━━━━━━━━━━━━━━━━━━━━━━━━━━ 98.2/98.2 kB 255.3 kB/s eta 0:00:00
Collecting six
  Downloading https://www.piwheels.org/simple/six/six-1.17.0-py2.py3-none-any.whl (11 kB)
Installing collected packages: six, click, geomet, cassandra-driver
Successfully installed cassandra-driver-3.29.2 click-8.1.8 geomet-0.2.1.post1 six-1.17.0
./safe_install.sh: 5: [[: not found
./safe_install.sh: 5: -z: not found
installing: chevron==0.14.0
Looking in indexes: https://pypi.org/simple, https://www.piwheels.org/simple
Collecting chevron==0.14.0
  Using cached https://www.piwheels.org/simple/chevron/chevron-0.14.0-py3-none-any.whl (11 kB)
Installing collected packages: chevron
Successfully installed chevron-0.14.0
./safe_install.sh: 5: [[: not found
./safe_install.sh: 5: -z: not found
installing: docker==7.1.0
Looking in indexes: https://pypi.org/simple, https://www.piwheels.org/simple
Collecting docker==7.1.0
  Using cached https://www.piwheels.org/simple/docker/docker-7.1.0-py3-none-any.whl (147 kB)
Collecting requests>=2.26.0
  Downloading https://www.piwheels.org/simple/requests/requests-2.32.3-py3-none-any.whl (64 kB)
     ━━━━━━━━━━━━━━━━━━━━━━━━━━━━━━━━━━━━━━━ 64.9/64.9 kB 219.2 kB/s eta 0:00:00
Collecting urllib3>=1.26.0
  Downloading urllib3-2.4.0-py3-none-any.whl (128 kB)
     ━━━━━━━━━━━━━━━━━━━━━━━━━━━━━━━━━━━━━ 128.7/128.7 kB 467.1 kB/s eta 0:00:00
Collecting charset-normalizer<4,>=2
  Downloading https://www.piwheels.org/simple/charset-normalizer/charset_normalizer-3.4.1-py3-none-any.whl (49 kB)
     ━━━━━━━━━━━━━━━━━━━━━━━━━━━━━━━━━━━━━━━ 49.8/49.8 kB 165.6 kB/s eta 0:00:00
Collecting idna<4,>=2.5
  Downloading https://www.piwheels.org/simple/idna/idna-3.10-py3-none-any.whl (70 kB)
     ━━━━━━━━━━━━━━━━━━━━━━━━━━━━━━━━━━━━━━━ 70.4/70.4 kB 160.9 kB/s eta 0:00:00
Collecting certifi>=2017.4.17
  Downloading https://www.piwheels.org/simple/certifi/certifi-2025.1.31-py3-none-any.whl (166 kB)
     ━━━━━━━━━━━━━━━━━━━━━━━━━━━━━━━━━━━━━ 166.3/166.3 kB 277.9 kB/s eta 0:00:00
Installing collected packages: urllib3, idna, charset-normalizer, certifi, requests, docker
Successfully installed certifi-2025.1.31 charset-normalizer-3.4.1 docker-7.1.0 idna-3.10 requests-2.32.3 urllib3-2.4.0
./safe_install.sh: 5: [[: not found
./safe_install.sh: 5: -z: not found
installing: elasticsearch==8.17.2
Looking in indexes: https://pypi.org/simple, https://www.piwheels.org/simple
Collecting elasticsearch==8.17.2
  Using cached https://www.piwheels.org/simple/elasticsearch/elasticsearch-8.17.2-py3-none-any.whl (717 kB)
Collecting elastic-transport<9,>=8.15.1
  Downloading https://www.piwheels.org/simple/elastic-transport/elastic_transport-8.17.1-py3-none-any.whl (64 kB)
     ━━━━━━━━━━━━━━━━━━━━━━━━━━━━━━━━━━━━━━━ 64.9/64.9 kB 197.4 kB/s eta 0:00:00
Requirement already satisfied: urllib3<3,>=1.26.2 in /home/rtikes/Blockchain-Distributed-IDS/venv/lib/python3.11/site-packages (from elastic-transport<9,>=8.15.1->elasticsearch==8.17.2) (2.4.0)
Requirement already satisfied: certifi in /home/rtikes/Blockchain-Distributed-IDS/venv/lib/python3.11/site-packages (from elastic-transport<9,>=8.15.1->elasticsearch==8.17.2) (2025.1.31)
Installing collected packages: elastic-transport, elasticsearch
Successfully installed elastic-transport-8.17.1 elasticsearch-8.17.2
./safe_install.sh: 5: [[: not found
./safe_install.sh: 5: -z: not found
installing: esptool==4.8.1
Looking in indexes: https://pypi.org/simple, https://www.piwheels.org/simple
Collecting esptool==4.8.1
  Using cached https://www.piwheels.org/simple/esptool/esptool-4.8.1-py3-none-any.whl (534 kB)
Collecting bitstring!=4.2.0,>=3.1.6
  Downloading https://www.piwheels.org/simple/bitstring/bitstring-4.3.1-py3-none-any.whl (71 kB)
     ━━━━━━━━━━━━━━━━━━━━━━━━━━━━━━━━━━━━━━━━ 71.9/71.9 kB 58.0 kB/s eta 0:00:00
Collecting cryptography>=2.1.4
  Downloading https://www.piwheels.org/simple/cryptography/cryptography-44.0.2-cp37-abi3-linux_armv6l.whl (1.6 MB)
     ━━━━━━━━━━━━━━━━━━━━━━━━━━━━━━━━━━━━━━━━ 1.6/1.6 MB 827.7 kB/s eta 0:00:00
Collecting ecdsa>=0.16.0
  Downloading https://www.piwheels.org/simple/ecdsa/ecdsa-0.19.1-py2.py3-none-any.whl (148 kB)
     ━━━━━━━━━━━━━━━━━━━━━━━━━━━━━━━━━━━━━ 148.8/148.8 kB 262.8 kB/s eta 0:00:00
Collecting pyserial>=3.3
  Downloading https://www.piwheels.org/simple/pyserial/pyserial-3.5-py2.py3-none-any.whl (90 kB)
     ━━━━━━━━━━━━━━━━━━━━━━━━━━━━━━━━━━━━━━━ 90.6/90.6 kB 432.5 kB/s eta 0:00:00
Collecting reedsolo<1.8,>=1.5.3
  Downloading https://www.piwheels.org/simple/reedsolo/reedsolo-1.7.0-py3-none-any.whl (32 kB)
Collecting PyYAML>=5.1
  Downloading https://www.piwheels.org/simple/pyyaml/PyYAML-6.0.2-cp311-cp311-linux_armv6l.whl (45 kB)
     ━━━━━━━━━━━━━━━━━━━━━━━━━━━━━━━━━━━━━━━ 45.4/45.4 kB 200.6 kB/s eta 0:00:00
Collecting intelhex
  Downloading https://www.piwheels.org/simple/intelhex/intelhex-2.3.0-py2.py3-none-any.whl (50 kB)
     ━━━━━━━━━━━━━━━━━━━━━━━━━━━━━━━━━━━━━━━ 50.9/50.9 kB 281.3 kB/s eta 0:00:00
Collecting argcomplete>=3
  Downloading argcomplete-3.6.2-py3-none-any.whl (43 kB)
     ━━━━━━━━━━━━━━━━━━━━━━━━━━━━━━━━━━━━━━━ 43.7/43.7 kB 180.4 kB/s eta 0:00:00
Collecting bitarray<4.0,>=3.0.0
  Downloading bitarray-3.3.1.tar.gz (139 kB)
     ━━━━━━━━━━━━━━━━━━━━━━━━━━━━━━━━━━━━━ 139.2/139.2 kB 612.6 kB/s eta 0:00:00
  Preparing metadata (setup.py): started
  Preparing metadata (setup.py): finished with status 'done'
Collecting cffi>=1.12
  Downloading https://www.piwheels.org/simple/cffi/cffi-1.17.1-cp311-cp311-linux_armv6l.whl (384 kB)
     ━━━━━━━━━━━━━━━━━━━━━━━━━━━━━━━━━━━━━ 384.5/384.5 kB 497.1 kB/s eta 0:00:00
Requirement already satisfied: six>=1.9.0 in /home/rtikes/Blockchain-Distributed-IDS/venv/lib/python3.11/site-packages (from ecdsa>=0.16.0->esptool==4.8.1) (1.17.0)
Collecting pycparser
  Downloading https://www.piwheels.org/simple/pycparser/pycparser-2.22-py3-none-any.whl (117 kB)
     ━━━━━━━━━━━━━━━━━━━━━━━━━━━━━━━━━━━━━ 117.6/117.6 kB 218.5 kB/s eta 0:00:00
Installing collected packages: reedsolo, pyserial, intelhex, bitarray, PyYAML, pycparser, ecdsa, bitstring, argcomplete, cffi, cryptography, esptool
  DEPRECATION: bitarray is being installed using the legacy 'setup.py install' method, because it does not have a 'pyproject.toml' and the 'wheel' package is not installed. pip 23.1 will enforce this behaviour change. A possible replacement is to enable the '--use-pep517' option. Discussion can be found at https://github.com/pypa/pip/issues/8559
  Running setup.py install for bitarray: started
  Running setup.py install for bitarray: still running...
  Running setup.py install for bitarray: finished with status 'done'
Successfully installed PyYAML-6.0.2 argcomplete-3.6.2 bitarray-3.3.1 bitstring-4.3.1 cffi-1.17.1 cryptography-44.0.2 ecdsa-0.19.1 esptool-4.8.1 intelhex-2.3.0 pycparser-2.22 pyserial-3.5 reedsolo-1.7.0
./safe_install.sh: 5: [[: not found
./safe_install.sh: 5: -z: not found
installing: fabric==3.2.2
Looking in indexes: https://pypi.org/simple, https://www.piwheels.org/simple
Collecting fabric==3.2.2
  Using cached https://www.piwheels.org/simple/fabric/fabric-3.2.2-py3-none-any.whl (59 kB)
Collecting invoke>=2.0
  Downloading https://www.piwheels.org/simple/invoke/invoke-2.2.0-py3-none-any.whl (160 kB)
     ━━━━━━━━━━━━━━━━━━━━━━━━━━━━━━━━━━━━━━ 160.3/160.3 kB 46.7 kB/s eta 0:00:00
Collecting paramiko>=2.4
  WARNING: Retrying (Retry(total=4, connect=None, read=None, redirect=None, status=None)) after connection broken by 'ProtocolError('Connection aborted.', RemoteDisconnected('Remote end closed connection without response'))': /simple/paramiko/paramiko-3.5.1-py3-none-any.whl
  Downloading https://www.piwheels.org/simple/paramiko/paramiko-3.5.1-py3-none-any.whl (227 kB)
     ━━━━━━━━━━━━━━━━━━━━━━━━━━━━━━━━━━━━━ 227.2/227.2 kB 406.2 kB/s eta 0:00:00
Collecting decorator>=5
  Downloading https://www.piwheels.org/simple/decorator/decorator-5.2.1-py3-none-any.whl (8.9 kB)
Collecting deprecated>=1.2
  Downloading https://www.piwheels.org/simple/deprecated/Deprecated-1.2.18-py2.py3-none-any.whl (10.0 kB)
Collecting wrapt<2,>=1.10
  Downloading https://www.piwheels.org/simple/wrapt/wrapt-1.17.2-cp311-cp311-linux_armv6l.whl (77 kB)
     ━━━━━━━━━━━━━━━━━━━━━━━━━━━━━━━━━━━━━━━ 77.8/77.8 kB 274.9 kB/s eta 0:00:00
Collecting bcrypt>=3.2
  Downloading https://www.piwheels.org/simple/bcrypt/bcrypt-4.3.0-cp311-cp311-linux_armv6l.whl (296 kB)
     ━━━━━━━━━━━━━━━━━━━━━━━━━━━━━━━━━━━━━ 296.1/296.1 kB 476.4 kB/s eta 0:00:00
Requirement already satisfied: cryptography>=3.3 in /home/rtikes/Blockchain-Distributed-IDS/venv/lib/python3.11/site-packages (from paramiko>=2.4->fabric==3.2.2) (44.0.2)
WARNING: Retrying (Retry(total=4, connect=None, read=None, redirect=None, status=None)) after connection broken by 'ProtocolError('Connection aborted.', RemoteDisconnected('Remote end closed connection without response'))': /simple/pynacl/
Collecting pynacl>=1.5
  Downloading https://www.piwheels.org/simple/pynacl/PyNaCl-1.5.0-cp311-cp311-linux_armv6l.whl (591 kB)
     ━━━━━━━━━━━━━━━━━━━━━━━━━━━━━━━━━━━━━ 591.3/591.3 kB 512.0 kB/s eta 0:00:00
Requirement already satisfied: cffi>=1.12 in /home/rtikes/Blockchain-Distributed-IDS/venv/lib/python3.11/site-packages (from cryptography>=3.3->paramiko>=2.4->fabric==3.2.2) (1.17.1)
Requirement already satisfied: pycparser in /home/rtikes/Blockchain-Distributed-IDS/venv/lib/python3.11/site-packages (from cffi>=1.12->cryptography>=3.3->paramiko>=2.4->fabric==3.2.2) (2.22)
Installing collected packages: wrapt, invoke, decorator, bcrypt, pynacl, deprecated, paramiko, fabric
Successfully installed bcrypt-4.3.0 decorator-5.2.1 deprecated-1.2.18 fabric-3.2.2 invoke-2.2.0 paramiko-3.5.1 pynacl-1.5.0 wrapt-1.17.2
./safe_install.sh: 5: [[: not found
./safe_install.sh: 5: -z: not found
installing: fastapi==0.115.12
Looking in indexes: https://pypi.org/simple, https://www.piwheels.org/simple
Collecting fastapi==0.115.12
  Using cached https://www.piwheels.org/simple/fastapi/fastapi-0.115.12-py3-none-any.whl (95 kB)
Collecting starlette<0.47.0,>=0.40.0
  Downloading starlette-0.46.2-py3-none-any.whl (72 kB)
     ━━━━━━━━━━━━━━━━━━━━━━━━━━━━━━━━━━━━━━━ 72.0/72.0 kB 338.2 kB/s eta 0:00:00
Collecting pydantic!=1.8,!=1.8.1,!=2.0.0,!=2.0.1,!=2.1.0,<3.0.0,>=1.7.4
  Downloading pydantic-2.11.3-py3-none-any.whl (443 kB)
     ━━━━━━━━━━━━━━━━━━━━━━━━━━━━━━━━━━━━━━━ 443.6/443.6 kB 1.1 MB/s eta 0:00:00
Collecting typing-extensions>=4.8.0
  Downloading typing_extensions-4.13.2-py3-none-any.whl (45 kB)
     ━━━━━━━━━━━━━━━━━━━━━━━━━━━━━━━━━━━━━━━ 45.8/45.8 kB 278.7 kB/s eta 0:00:00
Collecting annotated-types>=0.6.0
  Downloading https://www.piwheels.org/simple/annotated-types/annotated_types-0.7.0-py3-none-any.whl (13 kB)
Collecting pydantic-core==2.33.1
  Downloading pydantic_core-2.33.1.tar.gz (434 kB)
     ━━━━━━━━━━━━━━━━━━━━━━━━━━━━━━━━━━━━━━━ 434.4/434.4 kB 1.2 MB/s eta 0:00:00
  Installing build dependencies: started
  Installing build dependencies: still running...
  Installing build dependencies: finished with status 'done'
  Getting requirements to build wheel: started
  Getting requirements to build wheel: finished with status 'done'
  Preparing metadata (pyproject.toml): started
  Preparing metadata (pyproject.toml): finished with status 'error'
  error: subprocess-exited-with-error
  
  × Preparing metadata (pyproject.toml) did not run successfully.
  │ exit code: 1
  ╰─> [6 lines of output]
      
      Cargo, the Rust package manager, is not installed or is not on PATH.
      This package requires Rust and Cargo to compile extensions. Install it through
      the system's package manager or via https://rustup.rs/
      
      Checking for Rust toolchain....
      [end of output]
  
  note: This error originates from a subprocess, and is likely not a problem with pip.
error: metadata-generation-failed

× Encountered error while generating package metadata.
╰─> See above for output.

note: This is an issue with the package mentioned above, not pip.
hint: See above for details.
failed: fastapi==0.115.12
./safe_install.sh: 5: [[: not found
./safe_install.sh: 5: -z: not found
installing: flwr==1.15.2
Looking in indexes: https://pypi.org/simple, https://www.piwheels.org/simple
Collecting flwr==1.15.2
  Using cached https://www.piwheels.org/simple/flwr/flwr-1.15.2-py3-none-any.whl (531 kB)
Collecting cryptography<44.0.0,>=43.0.1
  Downloading cryptography-43.0.3.tar.gz (686 kB)
     ━━━━━━━━━━━━━━━━━━━━━━━━━━━━━━━━━━━━━ 687.0/687.0 kB 660.2 kB/s eta 0:00:00
  Installing build dependencies: started
  Installing build dependencies: still running...
  Installing build dependencies: still running...
  Installing build dependencies: still running...
  Installing build dependencies: finished with status 'done'
  Getting requirements to build wheel: started
  Getting requirements to build wheel: finished with status 'done'
  Preparing metadata (pyproject.toml): started
  Preparing metadata (pyproject.toml): finished with status 'error'
  error: subprocess-exited-with-error
  
  × Preparing metadata (pyproject.toml) did not run successfully.
  │ exit code: 1
  ╰─> [6 lines of output]
      
      Cargo, the Rust package manager, is not installed or is not on PATH.
      This package requires Rust and Cargo to compile extensions. Install it through
      the system's package manager or via https://rustup.rs/
      
      Checking for Rust toolchain....
      [end of output]
  
  note: This error originates from a subprocess, and is likely not a problem with pip.
error: metadata-generation-failed

× Encountered error while generating package metadata.
╰─> See above for output.

note: This is an issue with the package mentioned above, not pip.
hint: See above for details.
failed: flwr==1.15.2
./safe_install.sh: 5: [[: not found
./safe_install.sh: 5: -z: not found
installing: fqdn==1.5.1
Looking in indexes: https://pypi.org/simple, https://www.piwheels.org/simple
Collecting fqdn==1.5.1
  Using cached https://www.piwheels.org/simple/fqdn/fqdn-1.5.1-py3-none-any.whl (9.1 kB)
Installing collected packages: fqdn
Successfully installed fqdn-1.5.1
./safe_install.sh: 5: [[: not found
./safe_install.sh: 5: -z: not found
installing: Glances==4.3.1
Looking in indexes: https://pypi.org/simple, https://www.piwheels.org/simple
Collecting Glances==4.3.1
  WARNING: Retrying (Retry(total=4, connect=None, read=None, redirect=None, status=None)) after connection broken by 'ProtocolError('Connection aborted.', RemoteDisconnected('Remote end closed connection without response'))': /simple/glances/glances-4.3.1-py3-none-any.whl
  Using cached https://www.piwheels.org/simple/glances/glances-4.3.1-py3-none-any.whl (908 kB)
Collecting defusedxml
  Downloading https://www.piwheels.org/simple/defusedxml/defusedxml-0.7.1-py2.py3-none-any.whl (25 kB)
Collecting packaging
  Using cached packaging-25.0-py3-none-any.whl (66 kB)
Collecting psutil>=5.6.7
  Downloading https://www.piwheels.org/simple/psutil/psutil-7.0.0-cp36-abi3-linux_armv6l.whl (272 kB)
     ━━━━━━━━━━━━━━━━━━━━━━━━━━━━━━━━━━━━━ 272.1/272.1 kB 398.1 kB/s eta 0:00:00
Installing collected packages: psutil, packaging, defusedxml, Glances
Successfully installed Glances-4.3.1 defusedxml-0.7.1 packaging-25.0 psutil-7.0.0
./safe_install.sh: 5: [[: not found
./safe_install.sh: 5: -z: not found
installing: google-auth-oauthlib==1.2.1
Looking in indexes: https://pypi.org/simple, https://www.piwheels.org/simple
Collecting google-auth-oauthlib==1.2.1
  Using cached https://www.piwheels.org/simple/google-auth-oauthlib/google_auth_oauthlib-1.2.1-py2.py3-none-any.whl (23 kB)
Collecting google-auth>=2.15.0
  Downloading google_auth-2.39.0-py2.py3-none-any.whl (212 kB)
     ━━━━━━━━━━━━━━━━━━━━━━━━━━━━━━━━━━━━━ 212.3/212.3 kB 754.5 kB/s eta 0:00:00
Collecting requests-oauthlib>=0.7.0
  Downloading https://www.piwheels.org/simple/requests-oauthlib/requests_oauthlib-2.0.0-py2.py3-none-any.whl (24 kB)
Collecting cachetools<6.0,>=2.0.0
  Downloading https://www.piwheels.org/simple/cachetools/cachetools-5.5.2-py3-none-any.whl (10 kB)
Collecting pyasn1-modules>=0.2.1
  Downloading https://www.piwheels.org/simple/pyasn1-modules/pyasn1_modules-0.4.2-py3-none-any.whl (181 kB)
     ━━━━━━━━━━━━━━━━━━━━━━━━━━━━━━━━━━━━━ 181.3/181.3 kB 301.7 kB/s eta 0:00:00
Collecting rsa<5,>=3.1.4
  Downloading rsa-4.9.1-py3-none-any.whl (34 kB)
Collecting oauthlib>=3.0.0
  Downloading https://www.piwheels.org/simple/oauthlib/oauthlib-3.2.2-py3-none-any.whl (151 kB)
     ━━━━━━━━━━━━━━━━━━━━━━━━━━━━━━━━━━━━━ 151.7/151.7 kB 268.0 kB/s eta 0:00:00
Requirement already satisfied: requests>=2.0.0 in /home/rtikes/Blockchain-Distributed-IDS/venv/lib/python3.11/site-packages (from requests-oauthlib>=0.7.0->google-auth-oauthlib==1.2.1) (2.32.3)
Collecting pyasn1<0.7.0,>=0.6.1
  Downloading https://www.piwheels.org/simple/pyasn1/pyasn1-0.6.1-py3-none-any.whl (83 kB)
     ━━━━━━━━━━━━━━━━━━━━━━━━━━━━━━━━━━━━━━━ 83.5/83.5 kB 203.8 kB/s eta 0:00:00
Requirement already satisfied: charset-normalizer<4,>=2 in /home/rtikes/Blockchain-Distributed-IDS/venv/lib/python3.11/site-packages (from requests>=2.0.0->requests-oauthlib>=0.7.0->google-auth-oauthlib==1.2.1) (3.4.1)
Requirement already satisfied: idna<4,>=2.5 in /home/rtikes/Blockchain-Distributed-IDS/venv/lib/python3.11/site-packages (from requests>=2.0.0->requests-oauthlib>=0.7.0->google-auth-oauthlib==1.2.1) (3.10)
Requirement already satisfied: urllib3<3,>=1.21.1 in /home/rtikes/Blockchain-Distributed-IDS/venv/lib/python3.11/site-packages (from requests>=2.0.0->requests-oauthlib>=0.7.0->google-auth-oauthlib==1.2.1) (2.4.0)
Requirement already satisfied: certifi>=2017.4.17 in /home/rtikes/Blockchain-Distributed-IDS/venv/lib/python3.11/site-packages (from requests>=2.0.0->requests-oauthlib>=0.7.0->google-auth-oauthlib==1.2.1) (2025.1.31)
Installing collected packages: pyasn1, oauthlib, cachetools, rsa, requests-oauthlib, pyasn1-modules, google-auth, google-auth-oauthlib
Successfully installed cachetools-5.5.2 google-auth-2.39.0 google-auth-oauthlib-1.2.1 oauthlib-3.2.2 pyasn1-0.6.1 pyasn1-modules-0.4.2 requests-oauthlib-2.0.0 rsa-4.9.1
./safe_install.sh: 5: [[: not found
./safe_install.sh: 5: -z: not found
installing: graphitesender==0.11.2
Looking in indexes: https://pypi.org/simple, https://www.piwheels.org/simple
Collecting graphitesender==0.11.2
  Using cached https://www.piwheels.org/simple/graphitesender/graphitesender-0.11.2-py2.py3-none-any.whl (13 kB)
Installing collected packages: graphitesender
Successfully installed graphitesender-0.11.2
./safe_install.sh: 5: [[: not found
./safe_install.sh: 5: -z: not found
installing: ibmcloudant==0.10.1
Looking in indexes: https://pypi.org/simple, https://www.piwheels.org/simple
Collecting ibmcloudant==0.10.1
  Using cached https://www.piwheels.org/simple/ibmcloudant/ibmcloudant-0.10.1-py3-none-any.whl (121 kB)
Collecting ibm_cloud_sdk_core==3.22.1
  Downloading https://www.piwheels.org/simple/ibm-cloud-sdk-core/ibm_cloud_sdk_core-3.22.1-py3-none-any.whl (69 kB)
     ━━━━━━━━━━━━━━━━━━━━━━━━━━━━━━━━━━━━━━━ 69.4/69.4 kB 218.7 kB/s eta 0:00:00
Requirement already satisfied: requests<3.0.0,>=2.32.2 in /home/rtikes/Blockchain-Distributed-IDS/venv/lib/python3.11/site-packages (from ibmcloudant==0.10.1) (2.32.3)
Collecting python_dateutil<3.0.0,>=2.5.3
  Downloading https://www.piwheels.org/simple/python-dateutil/python_dateutil-2.9.0.post0-py2.py3-none-any.whl (229 kB)
     ━━━━━━━━━━━━━━━━━━━━━━━━━━━━━━━━━━━━━ 229.9/229.9 kB 474.0 kB/s eta 0:00:00
Collecting PyJWT<3.0.0,>=2.0.1
  Downloading https://www.piwheels.org/simple/pyjwt/PyJWT-2.10.1-py3-none-any.whl (22 kB)
Requirement already satisfied: urllib3<3.0.0,>=2.1.0 in /home/rtikes/Blockchain-Distributed-IDS/venv/lib/python3.11/site-packages (from ibm_cloud_sdk_core==3.22.1->ibmcloudant==0.10.1) (2.4.0)
Requirement already satisfied: six>=1.5 in /home/rtikes/Blockchain-Distributed-IDS/venv/lib/python3.11/site-packages (from python_dateutil<3.0.0,>=2.5.3->ibmcloudant==0.10.1) (1.17.0)
Requirement already satisfied: charset-normalizer<4,>=2 in /home/rtikes/Blockchain-Distributed-IDS/venv/lib/python3.11/site-packages (from requests<3.0.0,>=2.32.2->ibmcloudant==0.10.1) (3.4.1)
Requirement already satisfied: idna<4,>=2.5 in /home/rtikes/Blockchain-Distributed-IDS/venv/lib/python3.11/site-packages (from requests<3.0.0,>=2.32.2->ibmcloudant==0.10.1) (3.10)
Requirement already satisfied: certifi>=2017.4.17 in /home/rtikes/Blockchain-Distributed-IDS/venv/lib/python3.11/site-packages (from requests<3.0.0,>=2.32.2->ibmcloudant==0.10.1) (2025.1.31)
Installing collected packages: python_dateutil, PyJWT, ibm_cloud_sdk_core, ibmcloudant
Successfully installed PyJWT-2.10.1 ibm_cloud_sdk_core-3.22.1 ibmcloudant-0.10.1 python_dateutil-2.9.0.post0
./safe_install.sh: 5: [[: not found
./safe_install.sh: 5: -z: not found
installing: imbalanced-learn==0.13.0
Looking in indexes: https://pypi.org/simple, https://www.piwheels.org/simple
Collecting imbalanced-learn==0.13.0
  Using cached https://www.piwheels.org/simple/imbalanced-learn/imbalanced_learn-0.13.0-py3-none-any.whl (238 kB)
Collecting numpy<3,>=1.24.3
  Using cached numpy-2.2.5-cp311-cp311-linux_armv6l.whl
Collecting scipy<2,>=1.10.1
  WARNING: Retrying (Retry(total=4, connect=None, read=None, redirect=None, status=None)) after connection broken by 'ProtocolError('Connection aborted.', RemoteDisconnected('Remote end closed connection without response'))': /simple/scipy/scipy-1.15.2-cp311-cp311-linux_armv6l.whl
  Downloading https://www.piwheels.org/simple/scipy/scipy-1.15.2-cp311-cp311-linux_armv6l.whl (25.1 MB)
     ━━━━━━━━━━━━━━━━━━━━━━━━━━━━━━━━━━━━━━━ 25.1/25.1 MB 566.6 kB/s eta 0:00:00
Collecting scikit-learn<2,>=1.3.2
  Downloading https://www.piwheels.org/simple/scikit-learn/scikit_learn-1.6.1-cp311-cp311-linux_armv6l.whl (12.5 MB)
     ━━━━━━━━━━━━━━━━━━━━━━━━━━━━━━━━━━━━━━━ 12.5/12.5 MB 676.1 kB/s eta 0:00:00
Collecting sklearn-compat<1,>=0.1
  Downloading https://www.piwheels.org/simple/sklearn-compat/sklearn_compat-0.1.3-py3-none-any.whl (18 kB)
Collecting joblib<2,>=1.1.1
  Downloading https://www.piwheels.org/simple/joblib/joblib-1.4.2-py3-none-any.whl (301 kB)
     ━━━━━━━━━━━━━━━━━━━━━━━━━━━━━━━━━━━━━ 301.8/301.8 kB 206.0 kB/s eta 0:00:00
Collecting threadpoolctl<4,>=2.0.0
  Downloading https://www.piwheels.org/simple/threadpoolctl/threadpoolctl-3.6.0-py3-none-any.whl (18 kB)
Installing collected packages: threadpoolctl, numpy, joblib, scipy, scikit-learn, sklearn-compat, imbalanced-learn
Successfully installed imbalanced-learn-0.13.0 joblib-1.4.2 numpy-2.2.5 scikit-learn-1.6.1 scipy-1.15.2 sklearn-compat-0.1.3 threadpoolctl-3.6.0
./safe_install.sh: 5: [[: not found
./safe_install.sh: 5: -z: not found
installing: influxdb==5.3.2
Looking in indexes: https://pypi.org/simple, https://www.piwheels.org/simple
Collecting influxdb==5.3.2
  Using cached https://www.piwheels.org/simple/influxdb/influxdb-5.3.2-py2.py3-none-any.whl (79 kB)
Requirement already satisfied: python-dateutil>=2.6.0 in /home/rtikes/Blockchain-Distributed-IDS/venv/lib/python3.11/site-packages (from influxdb==5.3.2) (2.9.0.post0)
Collecting pytz
  Downloading https://www.piwheels.org/simple/pytz/pytz-2025.2-py3-none-any.whl (509 kB)
     ━━━━━━━━━━━━━━━━━━━━━━━━━━━━━━━━━━━━━ 509.2/509.2 kB 247.6 kB/s eta 0:00:00
Requirement already satisfied: requests>=2.17.0 in /home/rtikes/Blockchain-Distributed-IDS/venv/lib/python3.11/site-packages (from influxdb==5.3.2) (2.32.3)
Requirement already satisfied: six>=1.10.0 in /home/rtikes/Blockchain-Distributed-IDS/venv/lib/python3.11/site-packages (from influxdb==5.3.2) (1.17.0)
Collecting msgpack
  Downloading https://www.piwheels.org/simple/msgpack/msgpack-1.1.0-cp311-cp311-linux_armv6l.whl (341 kB)
     ━━━━━━━━━━━━━━━━━━━━━━━━━━━━━━━━━━━━━ 341.7/341.7 kB 434.4 kB/s eta 0:00:00
Requirement already satisfied: charset-normalizer<4,>=2 in /home/rtikes/Blockchain-Distributed-IDS/venv/lib/python3.11/site-packages (from requests>=2.17.0->influxdb==5.3.2) (3.4.1)
Requirement already satisfied: idna<4,>=2.5 in /home/rtikes/Blockchain-Distributed-IDS/venv/lib/python3.11/site-packages (from requests>=2.17.0->influxdb==5.3.2) (3.10)
Requirement already satisfied: urllib3<3,>=1.21.1 in /home/rtikes/Blockchain-Distributed-IDS/venv/lib/python3.11/site-packages (from requests>=2.17.0->influxdb==5.3.2) (2.4.0)
Requirement already satisfied: certifi>=2017.4.17 in /home/rtikes/Blockchain-Distributed-IDS/venv/lib/python3.11/site-packages (from requests>=2.17.0->influxdb==5.3.2) (2025.1.31)
Installing collected packages: pytz, msgpack, influxdb
Successfully installed influxdb-5.3.2 msgpack-1.1.0 pytz-2025.2
./safe_install.sh: 5: [[: not found
./safe_install.sh: 5: -z: not found
installing: influxdb_client==1.48.0
Looking in indexes: https://pypi.org/simple, https://www.piwheels.org/simple
Collecting influxdb_client==1.48.0
  Using cached https://www.piwheels.org/simple/influxdb-client/influxdb_client-1.48.0-py3-none-any.whl (746 kB)
Collecting reactivex>=4.0.4
  Downloading https://www.piwheels.org/simple/reactivex/reactivex-4.0.4-py3-none-any.whl (217 kB)
     ━━━━━━━━━━━━━━━━━━━━━━━━━━━━━━━━━━━━━ 217.8/217.8 kB 332.5 kB/s eta 0:00:00
Requirement already satisfied: certifi>=14.05.14 in /home/rtikes/Blockchain-Distributed-IDS/venv/lib/python3.11/site-packages (from influxdb_client==1.48.0) (2025.1.31)
Requirement already satisfied: python-dateutil>=2.5.3 in /home/rtikes/Blockchain-Distributed-IDS/venv/lib/python3.11/site-packages (from influxdb_client==1.48.0) (2.9.0.post0)
Requirement already satisfied: setuptools>=21.0.0 in /home/rtikes/Blockchain-Distributed-IDS/venv/lib/python3.11/site-packages (from influxdb_client==1.48.0) (66.1.1)
Requirement already satisfied: urllib3>=1.26.0 in /home/rtikes/Blockchain-Distributed-IDS/venv/lib/python3.11/site-packages (from influxdb_client==1.48.0) (2.4.0)
Requirement already satisfied: six>=1.5 in /home/rtikes/Blockchain-Distributed-IDS/venv/lib/python3.11/site-packages (from python-dateutil>=2.5.3->influxdb_client==1.48.0) (1.17.0)
Collecting typing-extensions<5.0.0,>=4.1.1
  Using cached typing_extensions-4.13.2-py3-none-any.whl (45 kB)
Installing collected packages: typing-extensions, reactivex, influxdb_client
Successfully installed influxdb_client-1.48.0 reactivex-4.0.4 typing-extensions-4.13.2
./safe_install.sh: 5: [[: not found
./safe_install.sh: 5: -z: not found
installing: isoduration==20.11.0
Looking in indexes: https://pypi.org/simple, https://www.piwheels.org/simple
Collecting isoduration==20.11.0
  Using cached https://www.piwheels.org/simple/isoduration/isoduration-20.11.0-py3-none-any.whl (11 kB)
Collecting arrow>=0.15.0
  Downloading https://www.piwheels.org/simple/arrow/arrow-1.3.0-py3-none-any.whl (66 kB)
     ━━━━━━━━━━━━━━━━━━━━━━━━━━━━━━━━━━━━━━━ 66.4/66.4 kB 151.3 kB/s eta 0:00:00
Requirement already satisfied: python-dateutil>=2.7.0 in /home/rtikes/Blockchain-Distributed-IDS/venv/lib/python3.11/site-packages (from arrow>=0.15.0->isoduration==20.11.0) (2.9.0.post0)
Collecting types-python-dateutil>=2.8.10
  Downloading https://www.piwheels.org/simple/types-python-dateutil/types_python_dateutil-2.9.0.20241206-py3-none-any.whl (14 kB)
Requirement already satisfied: six>=1.5 in /home/rtikes/Blockchain-Distributed-IDS/venv/lib/python3.11/site-packages (from python-dateutil>=2.7.0->arrow>=0.15.0->isoduration==20.11.0) (1.17.0)
Installing collected packages: types-python-dateutil, arrow, isoduration
Successfully installed arrow-1.3.0 isoduration-20.11.0 types-python-dateutil-2.9.0.20241206
./safe_install.sh: 5: [[: not found
./safe_install.sh: 5: -z: not found
installing: jsonpointer==3.0.0
Looking in indexes: https://pypi.org/simple, https://www.piwheels.org/simple
Collecting jsonpointer==3.0.0
  Using cached https://www.piwheels.org/simple/jsonpointer/jsonpointer-3.0.0-py2.py3-none-any.whl (7.6 kB)
Installing collected packages: jsonpointer
Successfully installed jsonpointer-3.0.0
./safe_install.sh: 5: [[: not found
./safe_install.sh: 5: -z: not found
installing: jupyter==1.1.1
Looking in indexes: https://pypi.org/simple, https://www.piwheels.org/simple
Collecting jupyter==1.1.1
  Using cached https://www.piwheels.org/simple/jupyter/jupyter-1.1.1-py2.py3-none-any.whl (2.7 kB)
Collecting notebook
  Downloading notebook-7.4.0-py3-none-any.whl (14.3 MB)
     ━━━━━━━━━━━━━━━━━━━━━━━━━━━━━━━━━━━━━━━ 14.3/14.3 MB 593.6 kB/s eta 0:00:00
Collecting jupyter-console
  Downloading https://www.piwheels.org/simple/jupyter-console/jupyter_console-6.6.3-py3-none-any.whl (24 kB)
Collecting nbconvert
  Downloading https://www.piwheels.org/simple/nbconvert/nbconvert-7.16.6-py3-none-any.whl (258 kB)
     ━━━━━━━━━━━━━━━━━━━━━━━━━━━━━━━━━━━━━ 258.5/258.5 kB 168.6 kB/s eta 0:00:00
Collecting ipykernel
  Downloading https://www.piwheels.org/simple/ipykernel/ipykernel-6.29.5-py3-none-any.whl (117 kB)
     ━━━━━━━━━━━━━━━━━━━━━━━━━━━━━━━━━━━━━ 117.2/117.2 kB 256.6 kB/s eta 0:00:00
Collecting ipywidgets
  Downloading ipywidgets-8.1.6-py3-none-any.whl (139 kB)
     ━━━━━━━━━━━━━━━━━━━━━━━━━━━━━━━━━━━━━ 139.8/139.8 kB 807.3 kB/s eta 0:00:00
Collecting jupyterlab
  Downloading jupyterlab-4.4.0-py3-none-any.whl (12.3 MB)
     ━━━━━━━━━━━━━━━━━━━━━━━━━━━━━━━━━━━━━━━ 12.3/12.3 MB 746.6 kB/s eta 0:00:00
Collecting comm>=0.1.1
  Downloading https://www.piwheels.org/simple/comm/comm-0.2.2-py3-none-any.whl (7.2 kB)
Collecting debugpy>=1.6.5
  Downloading debugpy-1.8.14-py2.py3-none-any.whl (5.3 MB)
     ━━━━━━━━━━━━━━━━━━━━━━━━━━━━━━━━━━━━━━━━ 5.3/5.3 MB 1.3 MB/s eta 0:00:00
Collecting ipython>=7.23.1
  Downloading ipython-9.1.0-py3-none-any.whl (604 kB)
     ━━━━━━━━━━━━━━━━━━━━━━━━━━━━━━━━━━━━━ 604.1/604.1 kB 332.8 kB/s eta 0:00:00
Collecting jupyter-client>=6.1.12
  WARNING: Retrying (Retry(total=4, connect=None, read=None, redirect=None, status=None)) after connection broken by 'ProtocolError('Connection aborted.', RemoteDisconnected('Remote end closed connection without response'))': /simple/jupyter-client/jupyter_client-8.6.3-py3-none-any.whl
  Downloading https://www.piwheels.org/simple/jupyter-client/jupyter_client-8.6.3-py3-none-any.whl (106 kB)
     ━━━━━━━━━━━━━━━━━━━━━━━━━━━━━━━━━━━━━ 106.1/106.1 kB 220.5 kB/s eta 0:00:00
Collecting jupyter-core!=5.0.*,>=4.12
  Downloading https://www.piwheels.org/simple/jupyter-core/jupyter_core-5.7.2-py3-none-any.whl (28 kB)
Collecting matplotlib-inline>=0.1
  Downloading https://www.piwheels.org/simple/matplotlib-inline/matplotlib_inline-0.1.7-py3-none-any.whl (9.9 kB)
Collecting nest-asyncio
  Downloading https://www.piwheels.org/simple/nest-asyncio/nest_asyncio-1.6.0-py3-none-any.whl (5.2 kB)
Requirement already satisfied: packaging in /home/rtikes/Blockchain-Distributed-IDS/venv/lib/python3.11/site-packages (from ipykernel->jupyter==1.1.1) (25.0)
Requirement already satisfied: psutil in /home/rtikes/Blockchain-Distributed-IDS/venv/lib/python3.11/site-packages (from ipykernel->jupyter==1.1.1) (7.0.0)
Collecting pyzmq>=24
  Downloading pyzmq-26.4.0.tar.gz (278 kB)
     ━━━━━━━━━━━━━━━━━━━━━━━━━━━━━━━━━━━━━━━ 278.3/278.3 kB 1.0 MB/s eta 0:00:00
  Installing build dependencies: started
  Installing build dependencies: still running...
  Installing build dependencies: still running...
  Installing build dependencies: finished with status 'done'
  Getting requirements to build wheel: started
  Getting requirements to build wheel: finished with status 'done'
  Installing backend dependencies: started
  Installing backend dependencies: still running...
  Installing backend dependencies: still running...
  Installing backend dependencies: finished with status 'done'
  Preparing metadata (pyproject.toml): started
  Preparing metadata (pyproject.toml): finished with status 'done'
Collecting tornado>=6.1
  Downloading https://www.piwheels.org/simple/tornado/tornado-6.4.2-cp38-abi3-linux_armv6l.whl (435 kB)
     ━━━━━━━━━━━━━━━━━━━━━━━━━━━━━━━━━━━━━ 435.1/435.1 kB 596.9 kB/s eta 0:00:00
Collecting traitlets>=5.4.0
  Downloading https://www.piwheels.org/simple/traitlets/traitlets-5.14.3-py3-none-any.whl (85 kB)
     ━━━━━━━━━━━━━━━━━━━━━━━━━━━━━━━━━━━━━━━ 85.4/85.4 kB 354.9 kB/s eta 0:00:00
Collecting widgetsnbextension~=4.0.14
  Downloading widgetsnbextension-4.0.14-py3-none-any.whl (2.2 MB)
     ━━━━━━━━━━━━━━━━━━━━━━━━━━━━━━━━━━━━━━━━ 2.2/2.2 MB 1.5 MB/s eta 0:00:00
Collecting jupyterlab_widgets~=3.0.14
  Downloading jupyterlab_widgets-3.0.14-py3-none-any.whl (213 kB)
     ━━━━━━━━━━━━━━━━━━━━━━━━━━━━━━━━━━━━━━━ 214.0/214.0 kB 1.4 MB/s eta 0:00:00
Collecting prompt-toolkit>=3.0.30
  Downloading prompt_toolkit-3.0.51-py3-none-any.whl (387 kB)
     ━━━━━━━━━━━━━━━━━━━━━━━━━━━━━━━━━━━━━━━ 387.8/387.8 kB 1.3 MB/s eta 0:00:00
Collecting pygments
  Downloading https://www.piwheels.org/simple/pygments/pygments-2.19.1-py3-none-any.whl (1.2 MB)
     ━━━━━━━━━━━━━━━━━━━━━━━━━━━━━━━━━━━━━━━━ 1.2/1.2 MB 916.4 kB/s eta 0:00:00
Collecting async-lru>=1.0.0
  Downloading https://www.piwheels.org/simple/async-lru/async_lru-2.0.5-py3-none-any.whl (6.1 kB)
Collecting httpx>=0.25.0
  Downloading https://www.piwheels.org/simple/httpx/httpx-0.28.1-py3-none-any.whl (73 kB)
     ━━━━━━━━━━━━━━━━━━━━━━━━━━━━━━━━━━━━━━━ 73.5/73.5 kB 252.0 kB/s eta 0:00:00
Collecting jinja2>=3.0.3
  Downloading https://www.piwheels.org/simple/jinja2/jinja2-3.1.6-py3-none-any.whl (134 kB)
     ━━━━━━━━━━━━━━━━━━━━━━━━━━━━━━━━━━━━━ 134.9/134.9 kB 103.0 kB/s eta 0:00:00
Collecting jupyter-lsp>=2.0.0
  Downloading https://www.piwheels.org/simple/jupyter-lsp/jupyter_lsp-2.2.5-py3-none-any.whl (69 kB)
     ━━━━━━━━━━━━━━━━━━━━━━━━━━━━━━━━━━━━━━━ 69.1/69.1 kB 230.0 kB/s eta 0:00:00
Collecting jupyter-server<3,>=2.4.0
  Downloading https://www.piwheels.org/simple/jupyter-server/jupyter_server-2.15.0-py3-none-any.whl (385 kB)
     ━━━━━━━━━━━━━━━━━━━━━━━━━━━━━━━━━━━━━ 385.8/385.8 kB 553.1 kB/s eta 0:00:00
Collecting jupyterlab-server<3,>=2.27.1
  Downloading https://www.piwheels.org/simple/jupyterlab-server/jupyterlab_server-2.27.3-py3-none-any.whl (59 kB)
     ━━━━━━━━━━━━━━━━━━━━━━━━━━━━━━━━━━━━━━━ 59.7/59.7 kB 255.7 kB/s eta 0:00:00
Collecting notebook-shim>=0.2
  Downloading https://www.piwheels.org/simple/notebook-shim/notebook_shim-0.2.4-py3-none-any.whl (13 kB)
Requirement already satisfied: setuptools>=41.1.0 in /home/rtikes/Blockchain-Distributed-IDS/venv/lib/python3.11/site-packages (from jupyterlab->jupyter==1.1.1) (66.1.1)
Collecting beautifulsoup4
  Downloading beautifulsoup4-4.13.4-py3-none-any.whl (187 kB)
     ━━━━━━━━━━━━━━━━━━━━━━━━━━━━━━━━━━━━━ 187.3/187.3 kB 982.2 kB/s eta 0:00:00
Collecting bleach[css]!=5.0.0
  Downloading https://www.piwheels.org/simple/bleach/bleach-6.2.0-py3-none-any.whl (163 kB)
     ━━━━━━━━━━━━━━━━━━━━━━━━━━━━━━━━━━━━━━ 163.4/163.4 kB 59.2 kB/s eta 0:00:00
Requirement already satisfied: defusedxml in /home/rtikes/Blockchain-Distributed-IDS/venv/lib/python3.11/site-packages (from nbconvert->jupyter==1.1.1) (0.7.1)
Collecting jupyterlab-pygments
  Downloading jupyterlab_pygments-0.3.0-py3-none-any.whl (15 kB)
Collecting markupsafe>=2.0
  Downloading markupsafe-3.0.2.tar.gz (20 kB)
  Installing build dependencies: started
  Installing build dependencies: still running...
  Installing build dependencies: finished with status 'done'
  Getting requirements to build wheel: started
  Getting requirements to build wheel: finished with status 'done'
  Preparing metadata (pyproject.toml): started
  Preparing metadata (pyproject.toml): finished with status 'done'
Collecting mistune<4,>=2.0.3
  Downloading https://www.piwheels.org/simple/mistune/mistune-3.1.3-py3-none-any.whl (53 kB)
     ━━━━━━━━━━━━━━━━━━━━━━━━━━━━━━━━━━━━━━━ 53.4/53.4 kB 230.1 kB/s eta 0:00:00
Collecting nbclient>=0.5.0
  Downloading https://www.piwheels.org/simple/nbclient/nbclient-0.10.2-py3-none-any.whl (25 kB)
Collecting nbformat>=5.7
  Downloading https://www.piwheels.org/simple/nbformat/nbformat-5.10.4-py3-none-any.whl (78 kB)
     ━━━━━━━━━━━━━━━━━━━━━━━━━━━━━━━━━━━━━━━━ 78.5/78.5 kB 40.2 kB/s eta 0:00:00
Collecting pandocfilters>=1.4.1
  Downloading https://www.piwheels.org/simple/pandocfilters/pandocfilters-1.5.1-py2.py3-none-any.whl (8.7 kB)
Collecting webencodings
  Downloading https://www.piwheels.org/simple/webencodings/webencodings-0.5.1-py2.py3-none-any.whl (11 kB)
Collecting tinycss2<1.5,>=1.1.0
  Downloading https://www.piwheels.org/simple/tinycss2/tinycss2-1.4.0-py3-none-any.whl (26 kB)
Collecting anyio
  Downloading https://www.piwheels.org/simple/anyio/anyio-4.9.0-py3-none-any.whl (100 kB)
     ━━━━━━━━━━━━━━━━━━━━━━━━━━━━━━━━━━━━━ 100.9/100.9 kB 269.0 kB/s eta 0:00:00
Requirement already satisfied: certifi in /home/rtikes/Blockchain-Distributed-IDS/venv/lib/python3.11/site-packages (from httpx>=0.25.0->jupyterlab->jupyter==1.1.1) (2025.1.31)
Collecting httpcore==1.*
  Downloading httpcore-1.0.8-py3-none-any.whl (78 kB)
     ━━━━━━━━━━━━━━━━━━━━━━━━━━━━━━━━━━━━━━━ 78.7/78.7 kB 743.3 kB/s eta 0:00:00
Requirement already satisfied: idna in /home/rtikes/Blockchain-Distributed-IDS/venv/lib/python3.11/site-packages (from httpx>=0.25.0->jupyterlab->jupyter==1.1.1) (3.10)
Collecting h11<0.15,>=0.13
  Downloading https://www.piwheels.org/simple/h11/h11-0.14.0-py3-none-any.whl (58 kB)
     ━━━━━━━━━━━━━━━━━━━━━━━━━━━━━━━━━━━━━━━ 58.3/58.3 kB 278.4 kB/s eta 0:00:00
Requirement already satisfied: decorator in /home/rtikes/Blockchain-Distributed-IDS/venv/lib/python3.11/site-packages (from ipython>=7.23.1->ipykernel->jupyter==1.1.1) (5.2.1)
Collecting ipython-pygments-lexers
  Downloading https://www.piwheels.org/simple/ipython-pygments-lexers/ipython_pygments_lexers-1.1.1-py3-none-any.whl (8.1 kB)
Collecting jedi>=0.16
  Downloading https://www.piwheels.org/simple/jedi/jedi-0.19.2-py2.py3-none-any.whl (1.6 MB)
     ━━━━━━━━━━━━━━━━━━━━━━━━━━━━━━━━━━━━━━━━ 1.6/1.6 MB 890.4 kB/s eta 0:00:00
Collecting pexpect>4.3
  Downloading https://www.piwheels.org/simple/pexpect/pexpect-4.9.0-py2.py3-none-any.whl (63 kB)
     ━━━━━━━━━━━━━━━━━━━━━━━━━━━━━━━━━━━━━━━ 63.8/63.8 kB 272.9 kB/s eta 0:00:00
Collecting stack_data
  Downloading https://www.piwheels.org/simple/stack-data/stack_data-0.6.3-py3-none-any.whl (24 kB)
Requirement already satisfied: typing_extensions>=4.6 in /home/rtikes/Blockchain-Distributed-IDS/venv/lib/python3.11/site-packages (from ipython>=7.23.1->ipykernel->jupyter==1.1.1) (4.13.2)
Requirement already satisfied: python-dateutil>=2.8.2 in /home/rtikes/Blockchain-Distributed-IDS/venv/lib/python3.11/site-packages (from jupyter-client>=6.1.12->ipykernel->jupyter==1.1.1) (2.9.0.post0)
Collecting platformdirs>=2.5
  Downloading https://www.piwheels.org/simple/platformdirs/platformdirs-4.3.7-py3-none-any.whl (18 kB)
Collecting argon2-cffi>=21.1
  Downloading https://www.piwheels.org/simple/argon2-cffi/argon2_cffi-23.1.0-py3-none-any.whl (15 kB)
Collecting jupyter-events>=0.11.0
  Downloading https://www.piwheels.org/simple/jupyter-events/jupyter_events-0.12.0-py3-none-any.whl (19 kB)
Collecting jupyter-server-terminals>=0.4.4
  Downloading https://www.piwheels.org/simple/jupyter-server-terminals/jupyter_server_terminals-0.5.3-py3-none-any.whl (13 kB)
Collecting overrides>=5.0
  Downloading https://www.piwheels.org/simple/overrides/overrides-7.7.0-py3-none-any.whl (17 kB)
Collecting prometheus-client>=0.9
  Downloading https://www.piwheels.org/simple/prometheus-client/prometheus_client-0.21.1-py3-none-any.whl (54 kB)
     ━━━━━━━━━━━━━━━━━━━━━━━━━━━━━━━━━━━━━━━ 54.7/54.7 kB 190.8 kB/s eta 0:00:00
Collecting send2trash>=1.8.2
  Downloading https://www.piwheels.org/simple/send2trash/Send2Trash-1.8.3-py3-none-any.whl (18 kB)
Collecting terminado>=0.8.3
  Downloading https://www.piwheels.org/simple/terminado/terminado-0.18.1-py3-none-any.whl (14 kB)
Collecting websocket-client>=1.7
  Downloading https://www.piwheels.org/simple/websocket-client/websocket_client-1.8.0-py3-none-any.whl (58 kB)
     ━━━━━━━━━━━━━━━━━━━━━━━━━━━━━━━━━━━━━━━ 58.8/58.8 kB 201.6 kB/s eta 0:00:00
Collecting babel>=2.10
  Downloading https://www.piwheels.org/simple/babel/babel-2.17.0-py3-none-any.whl (10.2 MB)
     ━━━━━━━━━━━━━━━━━━━━━━━━━━━━━━━━━━━━━━━ 10.2/10.2 MB 753.8 kB/s eta 0:00:00
Collecting json5>=0.9.0
  Downloading json5-0.12.0-py3-none-any.whl (36 kB)
Collecting jsonschema>=4.18.0
  Downloading https://www.piwheels.org/simple/jsonschema/jsonschema-4.23.0-py3-none-any.whl (88 kB)
     ━━━━━━━━━━━━━━━━━━━━━━━━━━━━━━━━━━━━━━━ 88.5/88.5 kB 210.5 kB/s eta 0:00:00
Requirement already satisfied: requests>=2.31 in /home/rtikes/Blockchain-Distributed-IDS/venv/lib/python3.11/site-packages (from jupyterlab-server<3,>=2.27.1->jupyterlab->jupyter==1.1.1) (2.32.3)
Collecting fastjsonschema>=2.15
  Downloading https://www.piwheels.org/simple/fastjsonschema/fastjsonschema-2.21.1-py3-none-any.whl (23 kB)
Collecting wcwidth
  Downloading https://www.piwheels.org/simple/wcwidth/wcwidth-0.2.13-py2.py3-none-any.whl (34 kB)
Collecting soupsieve>1.2
  Downloading soupsieve-2.7-py3-none-any.whl (36 kB)
Collecting sniffio>=1.1
  Downloading https://www.piwheels.org/simple/sniffio/sniffio-1.3.1-py3-none-any.whl (10 kB)
Collecting argon2-cffi-bindings
  Downloading https://www.piwheels.org/simple/argon2-cffi-bindings/argon2_cffi_bindings-21.2.0-cp311-abi3-linux_armv6l.whl (77 kB)
     ━━━━━━━━━━━━━━━━━━━━━━━━━━━━━━━━━━━━━━━ 77.3/77.3 kB 168.3 kB/s eta 0:00:00
Collecting parso<0.9.0,>=0.8.4
  Downloading https://www.piwheels.org/simple/parso/parso-0.8.4-py2.py3-none-any.whl (103 kB)
     ━━━━━━━━━━━━━━━━━━━━━━━━━━━━━━━━━━━━━ 103.6/103.6 kB 242.9 kB/s eta 0:00:00
Collecting attrs>=22.2.0
  Downloading https://www.piwheels.org/simple/attrs/attrs-25.3.0-py3-none-any.whl (63 kB)
     ━━━━━━━━━━━━━━━━━━━━━━━━━━━━━━━━━━━━━━━ 63.8/63.8 kB 206.3 kB/s eta 0:00:00
Collecting jsonschema-specifications>=2023.03.6
  Downloading https://www.piwheels.org/simple/jsonschema-specifications/jsonschema_specifications-2024.10.1-py3-none-any.whl (18 kB)
WARNING: Retrying (Retry(total=4, connect=None, read=None, redirect=None, status=None)) after connection broken by 'ProtocolError('Connection aborted.', RemoteDisconnected('Remote end closed connection without response'))': /simple/referencing/
Collecting referencing>=0.28.4
  Downloading https://www.piwheels.org/simple/referencing/referencing-0.36.2-py3-none-any.whl (26 kB)
Collecting rpds-py>=0.7.1
  Downloading https://www.piwheels.org/simple/rpds-py/rpds_py-0.24.0-cp311-cp311-linux_armv6l.whl (404 kB)
     ━━━━━━━━━━━━━━━━━━━━━━━━━━━━━━━━━━━━━ 404.8/404.8 kB 523.4 kB/s eta 0:00:00
Collecting python-json-logger>=2.0.4
  Downloading https://www.piwheels.org/simple/python-json-logger/python_json_logger-3.3.0-py3-none-any.whl (15 kB)
Requirement already satisfied: pyyaml>=5.3 in /home/rtikes/Blockchain-Distributed-IDS/venv/lib/python3.11/site-packages (from jupyter-events>=0.11.0->jupyter-server<3,>=2.4.0->jupyterlab->jupyter==1.1.1) (6.0.2)
Collecting rfc3339-validator
  Downloading https://www.piwheels.org/simple/rfc3339-validator/rfc3339_validator-0.1.4-py2.py3-none-any.whl (3.5 kB)
Collecting rfc3986-validator>=0.1.1
  Downloading https://www.piwheels.org/simple/rfc3986-validator/rfc3986_validator-0.1.1-py2.py3-none-any.whl (4.2 kB)
Collecting ptyprocess>=0.5
  Downloading https://www.piwheels.org/simple/ptyprocess/ptyprocess-0.7.0-py2.py3-none-any.whl (13 kB)
Requirement already satisfied: six>=1.5 in /home/rtikes/Blockchain-Distributed-IDS/venv/lib/python3.11/site-packages (from python-dateutil>=2.8.2->jupyter-client>=6.1.12->ipykernel->jupyter==1.1.1) (1.17.0)
Requirement already satisfied: charset-normalizer<4,>=2 in /home/rtikes/Blockchain-Distributed-IDS/venv/lib/python3.11/site-packages (from requests>=2.31->jupyterlab-server<3,>=2.27.1->jupyterlab->jupyter==1.1.1) (3.4.1)
Requirement already satisfied: urllib3<3,>=1.21.1 in /home/rtikes/Blockchain-Distributed-IDS/venv/lib/python3.11/site-packages (from requests>=2.31->jupyterlab-server<3,>=2.27.1->jupyterlab->jupyter==1.1.1) (2.4.0)
Collecting executing>=1.2.0
  Downloading https://www.piwheels.org/simple/executing/executing-2.2.0-py2.py3-none-any.whl (26 kB)
Collecting asttokens>=2.1.0
  Downloading https://www.piwheels.org/simple/asttokens/asttokens-3.0.0-py3-none-any.whl (26 kB)
Collecting pure-eval
  Downloading https://www.piwheels.org/simple/pure-eval/pure_eval-0.2.3-py3-none-any.whl (11 kB)
Requirement already satisfied: fqdn in /home/rtikes/Blockchain-Distributed-IDS/venv/lib/python3.11/site-packages (from jsonschema>=4.18.0->jupyterlab-server<3,>=2.27.1->jupyterlab->jupyter==1.1.1) (1.5.1)
Requirement already satisfied: isoduration in /home/rtikes/Blockchain-Distributed-IDS/venv/lib/python3.11/site-packages (from jsonschema>=4.18.0->jupyterlab-server<3,>=2.27.1->jupyterlab->jupyter==1.1.1) (20.11.0)
Requirement already satisfied: jsonpointer>1.13 in /home/rtikes/Blockchain-Distributed-IDS/venv/lib/python3.11/site-packages (from jsonschema>=4.18.0->jupyterlab-server<3,>=2.27.1->jupyterlab->jupyter==1.1.1) (3.0.0)
Collecting uri-template
  Downloading https://www.piwheels.org/simple/uri-template/uri_template-1.3.0-py3-none-any.whl (11 kB)
Collecting webcolors>=24.6.0
  Downloading https://www.piwheels.org/simple/webcolors/webcolors-24.11.1-py3-none-any.whl (14 kB)
Requirement already satisfied: cffi>=1.0.1 in /home/rtikes/Blockchain-Distributed-IDS/venv/lib/python3.11/site-packages (from argon2-cffi-bindings->argon2-cffi>=21.1->jupyter-server<3,>=2.4.0->jupyterlab->jupyter==1.1.1) (1.17.1)
Requirement already satisfied: pycparser in /home/rtikes/Blockchain-Distributed-IDS/venv/lib/python3.11/site-packages (from cffi>=1.0.1->argon2-cffi-bindings->argon2-cffi>=21.1->jupyter-server<3,>=2.4.0->jupyterlab->jupyter==1.1.1) (2.22)
Requirement already satisfied: arrow>=0.15.0 in /home/rtikes/Blockchain-Distributed-IDS/venv/lib/python3.11/site-packages (from isoduration->jsonschema>=4.18.0->jupyterlab-server<3,>=2.27.1->jupyterlab->jupyter==1.1.1) (1.3.0)
Requirement already satisfied: types-python-dateutil>=2.8.10 in /home/rtikes/Blockchain-Distributed-IDS/venv/lib/python3.11/site-packages (from arrow>=0.15.0->isoduration->jsonschema>=4.18.0->jupyterlab-server<3,>=2.27.1->jupyterlab->jupyter==1.1.1) (2.9.0.20241206)
Building wheels for collected packages: markupsafe, pyzmq
  Building wheel for markupsafe (pyproject.toml): started
  Building wheel for markupsafe (pyproject.toml): finished with status 'done'
  Created wheel for markupsafe: filename=markupsafe-3.0.2-cp311-cp311-linux_armv6l.whl size=21886 sha256=fbba717f8f908594b1b5e28ce896f00487291862607905e11eb3615e3d014e39
  Stored in directory: /home/rtikes/.cache/pip/wheels/9d/38/99/1f61f3b0dd7ab4898edfa9fcf6feb13644d4d49a44b3bed19d
  Building wheel for pyzmq (pyproject.toml): started
  Building wheel for pyzmq (pyproject.toml): still running...
  Building wheel for pyzmq (pyproject.toml): still running...
  Building wheel for pyzmq (pyproject.toml): still running...
  Building wheel for pyzmq (pyproject.toml): still running...
  Building wheel for pyzmq (pyproject.toml): still running...
  Building wheel for pyzmq (pyproject.toml): still running...
  Building wheel for pyzmq (pyproject.toml): still running...
  Building wheel for pyzmq (pyproject.toml): still running...
  Building wheel for pyzmq (pyproject.toml): still running...
  Building wheel for pyzmq (pyproject.toml): still running...
  Building wheel for pyzmq (pyproject.toml): still running...
  Building wheel for pyzmq (pyproject.toml): still running...
  Building wheel for pyzmq (pyproject.toml): still running...
  Building wheel for pyzmq (pyproject.toml): still running...
  Building wheel for pyzmq (pyproject.toml): still running...
  Building wheel for pyzmq (pyproject.toml): still running...
  Building wheel for pyzmq (pyproject.toml): still running...
  Building wheel for pyzmq (pyproject.toml): still running...
  Building wheel for pyzmq (pyproject.toml): still running...
  Building wheel for pyzmq (pyproject.toml): still running...
  Building wheel for pyzmq (pyproject.toml): still running...
  Building wheel for pyzmq (pyproject.toml): still running...
  Building wheel for pyzmq (pyproject.toml): still running...
  Building wheel for pyzmq (pyproject.toml): still running...
  Building wheel for pyzmq (pyproject.toml): still running...
  Building wheel for pyzmq (pyproject.toml): still running...
  Building wheel for pyzmq (pyproject.toml): still running...
  Building wheel for pyzmq (pyproject.toml): still running...
  Building wheel for pyzmq (pyproject.toml): still running...
  Building wheel for pyzmq (pyproject.toml): still running...
  Building wheel for pyzmq (pyproject.toml): still running...
  Building wheel for pyzmq (pyproject.toml): still running...
  Building wheel for pyzmq (pyproject.toml): still running...
  Building wheel for pyzmq (pyproject.toml): still running...
  Building wheel for pyzmq (pyproject.toml): still running...
  Building wheel for pyzmq (pyproject.toml): still running...
  Building wheel for pyzmq (pyproject.toml): still running...
  Building wheel for pyzmq (pyproject.toml): still running...
  Building wheel for pyzmq (pyproject.toml): still running...
  Building wheel for pyzmq (pyproject.toml): still running...
  Building wheel for pyzmq (pyproject.toml): still running...
  Building wheel for pyzmq (pyproject.toml): still running...
  Building wheel for pyzmq (pyproject.toml): still running...
  Building wheel for pyzmq (pyproject.toml): still running...
  Building wheel for pyzmq (pyproject.toml): still running...
  Building wheel for pyzmq (pyproject.toml): still running...
  Building wheel for pyzmq (pyproject.toml): still running...
  Building wheel for pyzmq (pyproject.toml): still running...
  Building wheel for pyzmq (pyproject.toml): still running...
  Building wheel for pyzmq (pyproject.toml): finished with status 'done'
  Created wheel for pyzmq: filename=pyzmq-26.4.0-cp311-cp311-linux_armv6l.whl size=659195 sha256=7c2122e89cd7d3e25a91f3f093a0e7d5cd75f2b55e45022e17ee09e605232669
  Stored in directory: /home/rtikes/.cache/pip/wheels/d4/5e/e1/c7dd32a250efc0cb060c410fbddea4a54036a5027f2ce041f1
Successfully built markupsafe pyzmq
Installing collected packages: webencodings, wcwidth, pure-eval, ptyprocess, fastjsonschema, widgetsnbextension, websocket-client, webcolors, uri-template, traitlets, tornado, tinycss2, soupsieve, sniffio, send2trash, rpds-py, rfc3986-validator, rfc3339-validator, pyzmq, python-json-logger, pygments, prompt-toolkit, prometheus-client, platformdirs, pexpect, parso, pandocfilters, overrides, nest-asyncio, mistune, markupsafe, jupyterlab_widgets, jupyterlab-pygments, json5, h11, executing, debugpy, bleach, babel, attrs, async-lru, asttokens, terminado, stack_data, referencing, matplotlib-inline, jupyter-core, jinja2, jedi, ipython-pygments-lexers, httpcore, comm, beautifulsoup4, argon2-cffi-bindings, anyio, jupyter-server-terminals, jupyter-client, jsonschema-specifications, ipython, httpx, argon2-cffi, jsonschema, ipywidgets, ipykernel, nbformat, jupyter-console, nbclient, jupyter-events, nbconvert, jupyter-server, notebook-shim, jupyterlab-server, jupyter-lsp, jupyterlab, notebook, jupyter
Successfully installed anyio-4.9.0 argon2-cffi-23.1.0 argon2-cffi-bindings-21.2.0 asttokens-3.0.0 async-lru-2.0.5 attrs-25.3.0 babel-2.17.0 beautifulsoup4-4.13.4 bleach-6.2.0 comm-0.2.2 debugpy-1.8.14 executing-2.2.0 fastjsonschema-2.21.1 h11-0.14.0 httpcore-1.0.8 httpx-0.28.1 ipykernel-6.29.5 ipython-9.1.0 ipython-pygments-lexers-1.1.1 ipywidgets-8.1.6 jedi-0.19.2 jinja2-3.1.6 json5-0.12.0 jsonschema-4.23.0 jsonschema-specifications-2024.10.1 jupyter-1.1.1 jupyter-client-8.6.3 jupyter-console-6.6.3 jupyter-core-5.7.2 jupyter-events-0.12.0 jupyter-lsp-2.2.5 jupyter-server-2.15.0 jupyter-server-terminals-0.5.3 jupyterlab-4.4.0 jupyterlab-pygments-0.3.0 jupyterlab-server-2.27.3 jupyterlab_widgets-3.0.14 markupsafe-3.0.2 matplotlib-inline-0.1.7 mistune-3.1.3 nbclient-0.10.2 nbconvert-7.16.6 nbformat-5.10.4 nest-asyncio-1.6.0 notebook-7.4.0 notebook-shim-0.2.4 overrides-7.7.0 pandocfilters-1.5.1 parso-0.8.4 pexpect-4.9.0 platformdirs-4.3.7 prometheus-client-0.21.1 prompt-toolkit-3.0.51 ptyprocess-0.7.0 pure-eval-0.2.3 pygments-2.19.1 python-json-logger-3.3.0 pyzmq-26.4.0 referencing-0.36.2 rfc3339-validator-0.1.4 rfc3986-validator-0.1.1 rpds-py-0.24.0 send2trash-1.8.3 sniffio-1.3.1 soupsieve-2.7 stack_data-0.6.3 terminado-0.18.1 tinycss2-1.4.0 tornado-6.4.2 traitlets-5.14.3 uri-template-1.3.0 wcwidth-0.2.13 webcolors-24.11.1 webencodings-0.5.1 websocket-client-1.8.0 widgetsnbextension-4.0.14
./safe_install.sh: 5: [[: not found
./safe_install.sh: 5: -z: not found
installing: jupytext==1.16.7
Looking in indexes: https://pypi.org/simple, https://www.piwheels.org/simple
Collecting jupytext==1.16.7
  WARNING: Retrying (Retry(total=4, connect=None, read=None, redirect=None, status=None)) after connection broken by 'ProtocolError('Connection aborted.', RemoteDisconnected('Remote end closed connection without response'))': /simple/jupytext/jupytext-1.16.7-py3-none-any.whl
  Using cached https://www.piwheels.org/simple/jupytext/jupytext-1.16.7-py3-none-any.whl (154 kB)
Collecting markdown-it-py>=1.0
  Downloading https://www.piwheels.org/simple/markdown-it-py/markdown_it_py-3.0.0-py3-none-any.whl (87 kB)
     ━━━━━━━━━━━━━━━━━━━━━━━━━━━━━━━━━━━━━━━ 87.5/87.5 kB 204.2 kB/s eta 0:00:00
Collecting mdit-py-plugins
  Downloading https://www.piwheels.org/simple/mdit-py-plugins/mdit_py_plugins-0.4.2-py3-none-any.whl (55 kB)
     ━━━━━━━━━━━━━━━━━━━━━━━━━━━━━━━━━━━━━━━ 55.3/55.3 kB 185.6 kB/s eta 0:00:00
Requirement already satisfied: nbformat in /home/rtikes/Blockchain-Distributed-IDS/venv/lib/python3.11/site-packages (from jupytext==1.16.7) (5.10.4)
Requirement already satisfied: packaging in /home/rtikes/Blockchain-Distributed-IDS/venv/lib/python3.11/site-packages (from jupytext==1.16.7) (25.0)
Requirement already satisfied: pyyaml in /home/rtikes/Blockchain-Distributed-IDS/venv/lib/python3.11/site-packages (from jupytext==1.16.7) (6.0.2)
Collecting mdurl~=0.1
  Downloading https://www.piwheels.org/simple/mdurl/mdurl-0.1.2-py3-none-any.whl (10.0 kB)
Requirement already satisfied: fastjsonschema>=2.15 in /home/rtikes/Blockchain-Distributed-IDS/venv/lib/python3.11/site-packages (from nbformat->jupytext==1.16.7) (2.21.1)
Requirement already satisfied: jsonschema>=2.6 in /home/rtikes/Blockchain-Distributed-IDS/venv/lib/python3.11/site-packages (from nbformat->jupytext==1.16.7) (4.23.0)
Requirement already satisfied: jupyter-core!=5.0.*,>=4.12 in /home/rtikes/Blockchain-Distributed-IDS/venv/lib/python3.11/site-packages (from nbformat->jupytext==1.16.7) (5.7.2)
Requirement already satisfied: traitlets>=5.1 in /home/rtikes/Blockchain-Distributed-IDS/venv/lib/python3.11/site-packages (from nbformat->jupytext==1.16.7) (5.14.3)
Requirement already satisfied: attrs>=22.2.0 in /home/rtikes/Blockchain-Distributed-IDS/venv/lib/python3.11/site-packages (from jsonschema>=2.6->nbformat->jupytext==1.16.7) (25.3.0)
Requirement already satisfied: jsonschema-specifications>=2023.03.6 in /home/rtikes/Blockchain-Distributed-IDS/venv/lib/python3.11/site-packages (from jsonschema>=2.6->nbformat->jupytext==1.16.7) (2024.10.1)
Requirement already satisfied: referencing>=0.28.4 in /home/rtikes/Blockchain-Distributed-IDS/venv/lib/python3.11/site-packages (from jsonschema>=2.6->nbformat->jupytext==1.16.7) (0.36.2)
Requirement already satisfied: rpds-py>=0.7.1 in /home/rtikes/Blockchain-Distributed-IDS/venv/lib/python3.11/site-packages (from jsonschema>=2.6->nbformat->jupytext==1.16.7) (0.24.0)
Requirement already satisfied: platformdirs>=2.5 in /home/rtikes/Blockchain-Distributed-IDS/venv/lib/python3.11/site-packages (from jupyter-core!=5.0.*,>=4.12->nbformat->jupytext==1.16.7) (4.3.7)
Requirement already satisfied: typing-extensions>=4.4.0 in /home/rtikes/Blockchain-Distributed-IDS/venv/lib/python3.11/site-packages (from referencing>=0.28.4->jsonschema>=2.6->nbformat->jupytext==1.16.7) (4.13.2)
Installing collected packages: mdurl, markdown-it-py, mdit-py-plugins, jupytext
Successfully installed jupytext-1.16.7 markdown-it-py-3.0.0 mdit-py-plugins-0.4.2 mdurl-0.1.2
./safe_install.sh: 5: [[: not found
./safe_install.sh: 5: -z: not found
installing: kafka-python==2.1.4
Looking in indexes: https://pypi.org/simple, https://www.piwheels.org/simple
Collecting kafka-python==2.1.4
  Using cached https://www.piwheels.org/simple/kafka-python/kafka_python-2.1.4-py2.py3-none-any.whl (276 kB)
Installing collected packages: kafka-python
Successfully installed kafka-python-2.1.4
./safe_install.sh: 5: [[: not found
./safe_install.sh: 5: -z: not found
installing: loguru==0.7.2
Looking in indexes: https://pypi.org/simple, https://www.piwheels.org/simple
Collecting loguru==0.7.2
  Using cached https://www.piwheels.org/simple/loguru/loguru-0.7.2-py3-none-any.whl (62 kB)
Installing collected packages: loguru
Successfully installed loguru-0.7.2
./safe_install.sh: 5: [[: not found
./safe_install.sh: 5: -z: not found
installing: netifaces2==0.0.22
Looking in indexes: https://pypi.org/simple, https://www.piwheels.org/simple
Collecting netifaces2==0.0.22
  Using cached https://www.piwheels.org/simple/netifaces2/netifaces2-0.0.22-cp37-abi3-linux_armv6l.whl (1.2 MB)
Installing collected packages: netifaces2
Successfully installed netifaces2-0.0.22
./safe_install.sh: 5: [[: not found
./safe_install.sh: 5: -z: not found
installing: nvidia-ml-py==12.570.86
Looking in indexes: https://pypi.org/simple, https://www.piwheels.org/simple
Collecting nvidia-ml-py==12.570.86
  Using cached https://www.piwheels.org/simple/nvidia-ml-py/nvidia_ml_py-12.570.86-py3-none-any.whl (44 kB)
Installing collected packages: nvidia-ml-py
Successfully installed nvidia-ml-py-12.570.86
./safe_install.sh: 5: [[: not found
./safe_install.sh: 5: -z: not found
installing: paho-mqtt==2.1.0
Looking in indexes: https://pypi.org/simple, https://www.piwheels.org/simple
Collecting paho-mqtt==2.1.0
  Using cached https://www.piwheels.org/simple/paho-mqtt/paho_mqtt-2.1.0-py3-none-any.whl (67 kB)
Installing collected packages: paho-mqtt
Successfully installed paho-mqtt-2.1.0
./safe_install.sh: 5: [[: not found
./safe_install.sh: 5: -z: not found
installing: pika==1.3.2
Looking in indexes: https://pypi.org/simple, https://www.piwheels.org/simple
Collecting pika==1.3.2
  Using cached https://www.piwheels.org/simple/pika/pika-1.3.2-py3-none-any.whl (155 kB)
Installing collected packages: pika
Successfully installed pika-1.3.2
./safe_install.sh: 5: [[: not found
./safe_install.sh: 5: -z: not found
already installed: pip
./safe_install.sh: 5: [[: not found
./safe_install.sh: 5: -z: not found
installing: pipreqs==0.5.0
Looking in indexes: https://pypi.org/simple, https://www.piwheels.org/simple
Collecting pipreqs==0.5.0
  Using cached https://www.piwheels.org/simple/pipreqs/pipreqs-0.5.0-py3-none-any.whl (33 kB)
Collecting docopt==0.6.2
  Downloading https://www.piwheels.org/simple/docopt/docopt-0.6.2-py2.py3-none-any.whl (13 kB)
Collecting ipython==8.12.3
  Downloading https://www.piwheels.org/simple/ipython/ipython-8.12.3-py3-none-any.whl (798 kB)
     ━━━━━━━━━━━━━━━━━━━━━━━━━━━━━━━━━━━━━ 798.3/798.3 kB 780.3 kB/s eta 0:00:00
Requirement already satisfied: nbconvert<8.0.0,>=7.11.0 in /home/rtikes/Blockchain-Distributed-IDS/venv/lib/python3.11/site-packages (from pipreqs==0.5.0) (7.16.6)
Collecting yarg==0.1.9
